<?xml version="1.0" encoding="UTF-8"?>
<!-- Generated by org.testng.reporters.JUnitReportReporter -->
<testsuite hostname="DESKTOP-SJ47BRU" failures="0" tests="1" name="Assignment11.Test_Scenario.searchFlight" time="39.013" errors="0" timestamp="2020-12-18T17:10:36 IST" skipped="0">
  <testcase classname="Assignment11.Test_Scenario.searchFlight" name="flightDetails" time="39.013"/>
  <system-out/>
</testsuite> <!-- Assignment11.Test_Scenario.searchFlight -->
