<?xml version="1.0" encoding="UTF-8"?>
<!-- Generated by org.testng.reporters.JUnitReportReporter -->
<testsuite hostname="DESKTOP-SJ47BRU" failures="0" tests="3" name="Assignment11.Test_Scenario.testCleartrip" time="35.169" errors="0" timestamp="2020-12-19T20:24:42 IST" skipped="0">
  <testcase classname="Assignment11.Test_Scenario.testCleartrip" name="accessBrowser" time="7.611"/>
  <system-out/>
  <testcase classname="Assignment11.Test_Scenario.testCleartrip" name="searchFlight" time="17.805"/>
  <system-out/>
  <testcase classname="Assignment11.Test_Scenario.testCleartrip" name="selectFlight" time="9.753"/>
  <system-out/>
</testsuite> <!-- Assignment11.Test_Scenario.testCleartrip -->
