<?xml version="1.0" encoding="UTF-8"?>
<!-- Generated by org.testng.reporters.JUnitReportReporter -->
<testsuite hostname="DESKTOP-SJ47BRU" failures="0" tests="3" name="Assignment11.Test_Scenario.cleartripTest" time="30.031" errors="0" timestamp="2020-12-18T23:26:24 IST" skipped="0">
  <testcase classname="Assignment11.Test_Scenario.cleartripTest" name="searchFlight" time="15.106"/>
  <system-out/>
  <testcase classname="Assignment11.Test_Scenario.cleartripTest" name="selectFlight" time="8.698"/>
  <system-out/>
  <testcase classname="Assignment11.Test_Scenario.cleartripTest" name="accessBrowser" time="6.227"/>
  <system-out/>
</testsuite> <!-- Assignment11.Test_Scenario.cleartripTest -->
